生成启动时间为 2016/2/23 14:40:40。
     1>项目“E:\tool\mytool\CorC++\Mwatch\Mwatch\Mwatch.vcxproj”在节点 2 上(build 个目标)。
     1>InitializeBuildStatus:
         正在创建“Debug\Mwatch.unsuccessfulbuild”，因为已指定“AlwaysCreate”。
       ClCompile:
         D:\chengxu\vs\VC\bin\CL.exe /c /ZI /nologo /W3 /WX- /Od /Oy- /D _MBCS /Gm /EHsc /RTC1 /MDd /GS /fp:precise /Zc:wchar_t /Zc:forScope /Fo"Debug\\" /Fd"Debug\vc100.pdb" /Gd /TP /analyze- /errorReport:prompt main.cpp
         main.cpp
     1>e:\tool\mytool\corc++\mwatch\mwatch\main.cpp(28): warning C4996: 'strcpy': This function or variable may be unsafe. Consider using strcpy_s instead. To disable deprecation, use _CRT_SECURE_NO_WARNINGS. See online help for details.
                 d:\chengxu\vs\vc\include\string.h(105) : 参见“strcpy”的声明
     1>e:\tool\mytool\corc++\mwatch\mwatch\main.cpp(126): warning C4996: 'scanf': This function or variable may be unsafe. Consider using scanf_s instead. To disable deprecation, use _CRT_SECURE_NO_WARNINGS. See online help for details.
                 d:\chengxu\vs\vc\include\stdio.h(304) : 参见“scanf”的声明
     1>e:\tool\mytool\corc++\mwatch\mwatch\main.cpp(144): warning C4996: 'scanf': This function or variable may be unsafe. Consider using scanf_s instead. To disable deprecation, use _CRT_SECURE_NO_WARNINGS. See online help for details.
                 d:\chengxu\vs\vc\include\stdio.h(304) : 参见“scanf”的声明
       Link:
         D:\chengxu\vs\VC\bin\link.exe /ERRORREPORT:PROMPT /OUT:"E:\tool\mytool\CorC++\Mwatch\Debug\Mwatch.exe" /NOLOGO libdasm.lib kernel32.lib user32.lib gdi32.lib winspool.lib comdlg32.lib advapi32.lib shell32.lib ole32.lib oleaut32.lib uuid.lib odbc32.lib odbccp32.lib /MANIFEST /ManifestFile:"Debug\Mwatch.exe.intermediate.manifest" /MANIFESTUAC:"level='asInvoker' uiAccess='false'" /DEBUG /PDB:"E:\tool\mytool\CorC++\Mwatch\Debug\Mwatch.pdb" /TLBID:1 /DYNAMICBASE /NXCOMPAT /IMPLIB:"E:\tool\mytool\CorC++\Mwatch\Debug\Mwatch.lib" /MACHINE:X86 Debug\base_me.obj
         Debug\main.obj
         LINK : 没有找到 E:\tool\mytool\CorC++\Mwatch\Debug\Mwatch.exe 或上一个增量链接没有生成它；正在执行完全链接
         Mwatch.vcxproj -> E:\tool\mytool\CorC++\Mwatch\Debug\Mwatch.exe
       Manifest:
         C:\Program Files (x86)\Microsoft SDKs\Windows\v7.0A\bin\mt.exe /nologo /verbose /outputresource:"E:\tool\mytool\CorC++\Mwatch\Debug\Mwatch.exe;#1" /manifest Debug\Mwatch.exe.intermediate.manifest
       FinalizeBuildStatus:
         正在删除文件“Debug\Mwatch.unsuccessfulbuild”。
         正在对“Debug\Mwatch.lastbuildstate”执行 Touch 任务。
     1>已完成生成项目“E:\tool\mytool\CorC++\Mwatch\Mwatch\Mwatch.vcxproj”(build 个目标)的操作。

生成成功。

已用时间 00:00:01.28
